<?xml version="1.0" encoding="UTF-8"?>
<testng-results ignored="0" total="1" passed="1" failed="0" skipped="0">
  <reporter-output>
  </reporter-output>
  <suite started-at="2022-06-22T01:25:26 EDT" name="Suite" finished-at="2022-06-22T01:25:26 EDT" duration-ms="135">
    <groups>
    </groups>
    <test started-at="2022-06-22T01:25:26 EDT" name="Test" finished-at="2022-06-22T01:25:26 EDT" duration-ms="135">
      <class name="testcases.SampleTest">
        <test-method signature="test1()[pri:0, instance:testcases.SampleTest@f381794]" started-at="2022-06-22T01:25:26 EDT" name="test1" finished-at="2022-06-22T01:25:26 EDT" duration-ms="15" status="PASS">
          <reporter-output>
          </reporter-output>
        </test-method> <!-- test1 -->
      </class> <!-- testcases.SampleTest -->
    </test> <!-- Test -->
  </suite> <!-- Suite -->
</testng-results>
